<?xml version="1.0" encoding="UTF-8" ?>
<testsuite failures="0" time="0.024" errors="1" skipped="0" tests="1" name="com.sungard.print.PrinterTest">
  <properties>
    <property name="java.runtime.name" value="Java(TM) SE Runtime Environment"/>
    <property name="sun.boot.library.path" value="C:\devtools\jdk1.6\jre\bin"/>
    <property name="java.vm.version" value="20.4-b02"/>
    <property name="java.vm.vendor" value="Sun Microsystems Inc."/>
    <property name="java.vendor.url" value="http://java.sun.com/"/>
    <property name="path.separator" value=";"/>
    <property name="java.vm.name" value="Java HotSpot(TM) Client VM"/>
    <property name="file.encoding.pkg" value="sun.io"/>
    <property name="user.country" value="CN"/>
    <property name="sun.java.launcher" value="SUN_STANDARD"/>
    <property name="sun.os.patch.level" value="Service Pack 1"/>
    <property name="java.vm.specification.name" value="Java Virtual Machine Specification"/>
    <property name="user.dir" value="C:\+svn\SmartCard\ykt_openio\CardTools\cardreader"/>
    <property name="java.runtime.version" value="1.6.0_29-b11"/>
    <property name="java.awt.graphicsenv" value="sun.awt.Win32GraphicsEnvironment"/>
    <property name="basedir" value="C:\+svn\SmartCard\ykt_openio\CardTools\cardreader"/>
    <property name="java.endorsed.dirs" value="C:\devtools\jdk1.6\jre\lib\endorsed"/>
    <property name="os.arch" value="x86"/>
    <property name="surefire.real.class.path" value="C:\+svn\SmartCard\ykt_openio\CardTools\cardreader\target\surefire\surefirebooter1782888695052398427.jar"/>
    <property name="java.io.tmpdir" value="c:\Temp\"/>
    <property name="line.separator" value="
"/>
    <property name="java.vm.specification.vendor" value="Sun Microsystems Inc."/>
    <property name="user.variant" value=""/>
    <property name="os.name" value="Windows 7"/>
    <property name="sun.jnu.encoding" value="GBK"/>
    <property name="java.library.path" value="C:\devtools\jdk1.6\jre\bin;C:\Windows\Sun\Java\bin;C:\Windows\system32;C:\Windows;C:\Borland\RAD Studio\7.0\bin;C:\Users\Public\Documents\RAD Studio\7.0\Bpl;C:\Windows\system32;C:\Windows;C:\Windows\System32\Wbem;C:\Windows\System32\WindowsPowerShell\v1.0\;C:\Program Files\Microsoft Application Virtualization Client;C:\devtools\jdk1.6\bin;c:\devtools\ant\bin;c:\devtools\maven\bin;C:\Program Files\Intel\WiFi\bin\;C:\Program Files\Common Files\Intel\WirelessCommon\;C:\Program Files\Lenovo\Access Connections\;C:\Program Files\7-Zip;C:\tools\OpenVPN\bin;C:\Program Files\TortoiseSVN\bin;C:\devtools\jdk1.6\bin;C:\devtools\jdk1.6\jre\bin;C:\Program Files\QuickTime\QTSystem\;C:\Program Files\TortoiseGit\bin;C:\Program Files\Intel\WiFi\bin\;C:\Program Files\Common Files\Intel\WirelessCommon\;;."/>
    <property name="surefire.test.class.path" value="C:\+svn\SmartCard\ykt_openio\CardTools\cardreader\target\test-classes;C:\+svn\SmartCard\ykt_openio\CardTools\cardreader\target\classes;C:\m2repo\commons-beanutils\commons-beanutils\1.7.0\commons-beanutils-1.7.0.jar;C:\m2repo\commons-logging\commons-logging\1.1.1\commons-logging-1.1.1.jar;C:\m2repo\commons-codec\commons-codec\1.5\commons-codec-1.5.jar;C:\m2repo\commons-digester\commons-digester\2.1\commons-digester-2.1.jar;C:\m2repo\commons-lang\commons-lang\2.6\commons-lang-2.6.jar;C:\m2repo\junit\junit\4.8.2\junit-4.8.2.jar;C:\m2repo\javax\transaction\jta\1.1\jta-1.1.jar;C:\m2repo\log4j\log4j\1.2.16\log4j-1.2.16.jar;C:\m2repo\jnative\jnative\1.4\jnative-1.4.jar;C:\m2repo\com\sungard\phy\mytools\1.0-SNAPSHOT\mytools-1.0-SNAPSHOT.jar;C:\m2repo\com\jgoodies\looks\2.1.4\looks-2.1.4.jar;C:\m2repo\org\xerial\sqlite-jdbc\3.7.2\sqlite-jdbc-3.7.2.jar;C:\m2repo\org\apache\poi\poi\3.7\poi-3.7.jar;C:\m2repo\com\oracle\ojdbc14\10.2.0.4.0\ojdbc14-10.2.0.4.0.jar;"/>
    <property name="java.specification.name" value="Java Platform API Specification"/>
    <property name="java.class.version" value="50.0"/>
    <property name="sun.management.compiler" value="HotSpot Client Compiler"/>
    <property name="os.version" value="6.1"/>
    <property name="user.home" value="C:\Users\Haiyu.Peng"/>
    <property name="user.timezone" value=""/>
    <property name="java.awt.printerjob" value="sun.awt.windows.WPrinterJob"/>
    <property name="java.specification.version" value="1.6"/>
    <property name="file.encoding" value="GBK"/>
    <property name="user.name" value="Haiyu.Peng"/>
    <property name="java.class.path" value="C:\+svn\SmartCard\ykt_openio\CardTools\cardreader\target\test-classes;C:\+svn\SmartCard\ykt_openio\CardTools\cardreader\target\classes;C:\m2repo\commons-beanutils\commons-beanutils\1.7.0\commons-beanutils-1.7.0.jar;C:\m2repo\commons-logging\commons-logging\1.1.1\commons-logging-1.1.1.jar;C:\m2repo\commons-codec\commons-codec\1.5\commons-codec-1.5.jar;C:\m2repo\commons-digester\commons-digester\2.1\commons-digester-2.1.jar;C:\m2repo\commons-lang\commons-lang\2.6\commons-lang-2.6.jar;C:\m2repo\junit\junit\4.8.2\junit-4.8.2.jar;C:\m2repo\javax\transaction\jta\1.1\jta-1.1.jar;C:\m2repo\log4j\log4j\1.2.16\log4j-1.2.16.jar;C:\m2repo\jnative\jnative\1.4\jnative-1.4.jar;C:\m2repo\com\sungard\phy\mytools\1.0-SNAPSHOT\mytools-1.0-SNAPSHOT.jar;C:\m2repo\com\jgoodies\looks\2.1.4\looks-2.1.4.jar;C:\m2repo\org\xerial\sqlite-jdbc\3.7.2\sqlite-jdbc-3.7.2.jar;C:\m2repo\org\apache\poi\poi\3.7\poi-3.7.jar;C:\m2repo\com\oracle\ojdbc14\10.2.0.4.0\ojdbc14-10.2.0.4.0.jar;"/>
    <property name="java.vm.specification.version" value="1.0"/>
    <property name="sun.arch.data.model" value="32"/>
    <property name="java.home" value="C:\devtools\jdk1.6\jre"/>
    <property name="sun.java.command" value="C:\+svn\SmartCard\ykt_openio\CardTools\cardreader\target\surefire\surefirebooter1782888695052398427.jar C:\+svn\SmartCard\ykt_openio\CardTools\cardreader\target\surefire\surefire1093013818692498585tmp C:\+svn\SmartCard\ykt_openio\CardTools\cardreader\target\surefire\surefire3340702154422597251tmp"/>
    <property name="java.specification.vendor" value="Sun Microsystems Inc."/>
    <property name="user.language" value="zh"/>
    <property name="awt.toolkit" value="sun.awt.windows.WToolkit"/>
    <property name="java.vm.info" value="mixed mode, sharing"/>
    <property name="java.version" value="1.6.0_29"/>
    <property name="java.ext.dirs" value="C:\devtools\jdk1.6\jre\lib\ext;C:\Windows\Sun\Java\lib\ext"/>
    <property name="sun.boot.class.path" value="C:\devtools\jdk1.6\jre\lib\resources.jar;C:\devtools\jdk1.6\jre\lib\rt.jar;C:\devtools\jdk1.6\jre\lib\sunrsasign.jar;C:\devtools\jdk1.6\jre\lib\jsse.jar;C:\devtools\jdk1.6\jre\lib\jce.jar;C:\devtools\jdk1.6\jre\lib\charsets.jar;C:\devtools\jdk1.6\jre\lib\modules\jdk.boot.jar;C:\devtools\jdk1.6\jre\classes"/>
    <property name="java.vendor" value="Sun Microsystems Inc."/>
    <property name="localRepository" value="C:\m2repo"/>
    <property name="file.separator" value="\"/>
    <property name="java.vendor.url.bug" value="http://java.sun.com/cgi-bin/bugreport.cgi"/>
    <property name="sun.cpu.endian" value="little"/>
    <property name="sun.io.unicode.encoding" value="UnicodeLittle"/>
    <property name="sun.desktop" value="windows"/>
    <property name="sun.cpu.isalist" value="pentium_pro+mmx pentium_pro pentium+mmx pentium i486 i386 i86"/>
  </properties>
  <testcase time="0.011" classname="com.sungard.print.PrinterTest" name="testPrint">
    <error type="java.lang.NullPointerException">java.lang.NullPointerException
	at java.util.Properties$LineReader.readLine(Unknown Source)
	at java.util.Properties.load0(Unknown Source)
	at java.util.Properties.load(Unknown Source)
	at com.sungard.common.Configuration.load(Configuration.java:26)
	at com.sungard.print.PrinterTest.setUp(PrinterTest.java:16)
	at junit.framework.TestCase.runBare(TestCase.java:132)
	at junit.framework.TestResult$1.protect(TestResult.java:110)
	at junit.framework.TestResult.runProtected(TestResult.java:128)
	at junit.framework.TestResult.run(TestResult.java:113)
	at junit.framework.TestCase.run(TestCase.java:124)
	at junit.framework.TestSuite.runTest(TestSuite.java:243)
	at junit.framework.TestSuite.run(TestSuite.java:238)
	at org.junit.internal.runners.JUnit38ClassRunner.run(JUnit38ClassRunner.java:83)
	at org.apache.maven.surefire.junit4.JUnit4TestSet.execute(JUnit4TestSet.java:35)
	at org.apache.maven.surefire.junit4.JUnit4Provider.executeTestSet(JUnit4Provider.java:115)
	at org.apache.maven.surefire.junit4.JUnit4Provider.invoke(JUnit4Provider.java:97)
	at sun.reflect.NativeMethodAccessorImpl.invoke0(Native Method)
	at sun.reflect.NativeMethodAccessorImpl.invoke(Unknown Source)
	at sun.reflect.DelegatingMethodAccessorImpl.invoke(Unknown Source)
	at java.lang.reflect.Method.invoke(Unknown Source)
	at org.apache.maven.surefire.booter.ProviderFactory$ClassLoaderProxy.invoke(ProviderFactory.java:103)
	at $Proxy0.invoke(Unknown Source)
	at org.apache.maven.surefire.booter.SurefireStarter.invokeProvider(SurefireStarter.java:150)
	at org.apache.maven.surefire.booter.SurefireStarter.runSuitesInProcess(SurefireStarter.java:91)
	at org.apache.maven.surefire.booter.ForkedBooter.main(ForkedBooter.java:69)
</error>
    <system-out>@SLTests run: 5, Failures: 0, Errors: 5, Skipped: 0, Time elapsed: 0.169 sec &lt;&lt;&lt; FAILURE!
@SLRunning com.sungard.print.PrinterTest
</system-out>
    <system-err>log4j:WARN No appenders could be found for logger (com.sungard.common.Configuration).
log4j:WARN Please initialize the log4j system properly.
log4j:WARN See http://logging.apache.org/log4j/1.2/faq.html#noconfig for more info.
</system-err>
  </testcase>
</testsuite>